<?xml version="1.0" encoding="UTF-8"?>
<testsuite xmlns:xsi="http://www.w3.org/2001/XMLSchema-instance" xsi:noNamespaceSchemaLocation="https://maven.apache.org/surefire/maven-surefire-plugin/xsd/surefire-test-report-3.0.xsd" version="3.0" name="GrilleImplTest" time="0.031" tests="13" errors="0" skipped="0" failures="1">
  <properties>
    <property name="java.specification.version" value="17"/>
    <property name="sun.cpu.isalist" value="amd64"/>
    <property name="sun.jnu.encoding" value="Cp1252"/>
    <property name="java.class.path" value="C:\Users\cleme\Documents\GitHub\GroupeN_Activite2\target\test-classes;C:\Users\cleme\Documents\GitHub\GroupeN_Activite2\target\classes;C:\Users\cleme\.m2\repository\org\junit\jupiter\junit-jupiter-engine\5.4.2\junit-jupiter-engine-5.4.2.jar;C:\Users\cleme\.m2\repository\org\apiguardian\apiguardian-api\1.0.0\apiguardian-api-1.0.0.jar;C:\Users\cleme\.m2\repository\org\junit\platform\junit-platform-engine\1.4.2\junit-platform-engine-1.4.2.jar;C:\Users\cleme\.m2\repository\org\opentest4j\opentest4j\1.1.1\opentest4j-1.1.1.jar;C:\Users\cleme\.m2\repository\org\junit\platform\junit-platform-commons\1.4.2\junit-platform-commons-1.4.2.jar;C:\Users\cleme\.m2\repository\org\junit\jupiter\junit-jupiter-api\5.4.2\junit-jupiter-api-5.4.2.jar;C:\Users\cleme\.m2\repository\junit\junit\4.11\junit-4.11.jar;C:\Users\cleme\.m2\repository\org\hamcrest\hamcrest-core\1.3\hamcrest-core-1.3.jar;"/>
    <property name="java.vm.vendor" value="Oracle Corporation"/>
    <property name="sun.arch.data.model" value="64"/>
    <property name="user.variant" value=""/>
    <property name="java.vendor.url" value="https://java.oracle.com/"/>
    <property name="user.timezone" value="Europe/Paris"/>
    <property name="os.name" value="Windows 10"/>
    <property name="java.vm.specification.version" value="17"/>
    <property name="sun.java.launcher" value="SUN_STANDARD"/>
    <property name="user.country" value="FR"/>
    <property name="sun.boot.library.path" value="C:\Program Files\Java\jdk-17.0.2\bin"/>
    <property name="sun.java.command" value="C:\Users\cleme\AppData\Local\Temp\surefire16248885429397019428\surefirebooter265253750054431174.jar C:\Users\cleme\AppData\Local\Temp\surefire16248885429397019428 2022-05-20T09-21-59_016-jvmRun1 surefire7423243176698928729tmp surefire_013169260231409656874tmp"/>
    <property name="jdk.debug" value="release"/>
    <property name="surefire.test.class.path" value="C:\Users\cleme\Documents\GitHub\GroupeN_Activite2\target\test-classes;C:\Users\cleme\Documents\GitHub\GroupeN_Activite2\target\classes;C:\Users\cleme\.m2\repository\org\junit\jupiter\junit-jupiter-engine\5.4.2\junit-jupiter-engine-5.4.2.jar;C:\Users\cleme\.m2\repository\org\apiguardian\apiguardian-api\1.0.0\apiguardian-api-1.0.0.jar;C:\Users\cleme\.m2\repository\org\junit\platform\junit-platform-engine\1.4.2\junit-platform-engine-1.4.2.jar;C:\Users\cleme\.m2\repository\org\opentest4j\opentest4j\1.1.1\opentest4j-1.1.1.jar;C:\Users\cleme\.m2\repository\org\junit\platform\junit-platform-commons\1.4.2\junit-platform-commons-1.4.2.jar;C:\Users\cleme\.m2\repository\org\junit\jupiter\junit-jupiter-api\5.4.2\junit-jupiter-api-5.4.2.jar;C:\Users\cleme\.m2\repository\junit\junit\4.11\junit-4.11.jar;C:\Users\cleme\.m2\repository\org\hamcrest\hamcrest-core\1.3\hamcrest-core-1.3.jar;"/>
    <property name="sun.cpu.endian" value="little"/>
    <property name="user.home" value="C:\Users\cleme"/>
    <property name="user.language" value="fr"/>
    <property name="java.specification.vendor" value="Oracle Corporation"/>
    <property name="java.version.date" value="2022-01-18"/>
    <property name="java.home" value="C:\Program Files\Java\jdk-17.0.2"/>
    <property name="file.separator" value="\"/>
    <property name="basedir" value="C:\Users\cleme\Documents\GitHub\GroupeN_Activite2"/>
    <property name="java.vm.compressedOopsMode" value="Zero based"/>
    <property name="line.separator" value="&#10;"/>
    <property name="java.vm.specification.vendor" value="Oracle Corporation"/>
    <property name="java.specification.name" value="Java Platform API Specification"/>
    <property name="surefire.real.class.path" value="C:\Users\cleme\AppData\Local\Temp\surefire16248885429397019428\surefirebooter265253750054431174.jar"/>
    <property name="user.script" value=""/>
    <property name="sun.management.compiler" value="HotSpot 64-Bit Tiered Compilers"/>
    <property name="java.runtime.version" value="17.0.2+8-LTS-86"/>
    <property name="user.name" value="cleme"/>
    <property name="path.separator" value=";"/>
    <property name="os.version" value="10.0"/>
    <property name="java.runtime.name" value="Java(TM) SE Runtime Environment"/>
    <property name="file.encoding" value="Cp1252"/>
    <property name="java.vm.name" value="Java HotSpot(TM) 64-Bit Server VM"/>
    <property name="localRepository" value="C:\Users\cleme\.m2\repository"/>
    <property name="java.vendor.url.bug" value="https://bugreport.java.com/bugreport/"/>
    <property name="java.io.tmpdir" value="C:\Users\cleme\AppData\Local\Temp\"/>
    <property name="java.version" value="17.0.2"/>
    <property name="user.dir" value="C:\Users\cleme\Documents\GitHub\GroupeN_Activite2"/>
    <property name="os.arch" value="amd64"/>
    <property name="java.vm.specification.name" value="Java Virtual Machine Specification"/>
    <property name="sun.os.patch.level" value=""/>
    <property name="native.encoding" value="Cp1252"/>
    <property name="java.library.path" value="C:\Program Files\Java\jdk-17.0.2\bin;C:\WINDOWS\Sun\Java\bin;C:\WINDOWS\system32;C:\WINDOWS;C:\Users\cleme\Python\Python310\Scripts\;C:\Users\cleme\Python\Python310\;C:\Program Files\Common Files\Oracle\Java\javapath;C:\Program Files (x86)\Common Files\Oracle\Java\javapath;C:\WINDOWS\system32;C:\WINDOWS;C:\WINDOWS\System32\Wbem;C:\WINDOWS\System32\WindowsPowerShell\v1.0\;C:\WINDOWS\System32\OpenSSH\;C:\Program Files\dotnet\;C:\Program Files\Microsoft SQL Server\130\Tools\Binn\;C:\Program Files\Microsoft SQL Server\Client SDK\ODBC\170\Tools\Binn\;C:\Program Files (x86)\Intel\Intel(R) Management Engine Components\DAL;C:\Program Files\Intel\Intel(R) Management Engine Components\DAL;C:\Program Files (x86)\Maven\apache-maven-3.8.4\bin;C:\Strawberry\c\bin;C:\Strawberry\perl\site\bin;C:\Strawberry\perl\bin;C:\Program Files\Git\cmd;%JAVA_HOME%\bin;C:\Program Files\nodejs\;C:\ProgramData\chocolatey\bin;C:\Users\cleme\Python\Python310\Scripts\;C:\Users\cleme\Python\Python310\;C:\Users\cleme\AppData\Local\Microsoft\WindowsApps;C:\Users\cleme\.dotnet\tools;C:\Users\cleme\AppData\Local\GitHubDesktop\bin;C:\Users\cleme\AppData\Local\Programs\Microsoft VS Code\bin;C:\Users\cleme\AppData\Local\gitkraken\bin;C:\Program Files (x86)\Maven\apache-maven-3.8.4\bin;C:\Users\cleme\AppData\Local\Programs\MiKTeX\miktex\bin\x64\;C:\Users\cleme\AppData\Roaming\npm;C:\Users\cleme\AppData\Local\Programs\mongosh\;."/>
    <property name="java.vm.info" value="mixed mode, sharing"/>
    <property name="java.vendor" value="Oracle Corporation"/>
    <property name="java.vm.version" value="17.0.2+8-LTS-86"/>
    <property name="sun.io.unicode.encoding" value="UnicodeLittle"/>
    <property name="java.class.version" value="61.0"/>
  </properties>
  <testcase name="setValue16x16" classname="GrilleImplTest" time="0.003"/>
  <testcase name="possible9x9" classname="GrilleImplTest" time="0"/>
  <testcase name="getDimension16x16" classname="GrilleImplTest" time="0"/>
  <testcase name="grilleImpl9x9" classname="GrilleImplTest" time="0"/>
  <testcase name="possible16x16" classname="GrilleImplTest" time="0.003">
    <failure message="a ==&gt; Expected java.lang.IllegalArgumentException to be thrown, but nothing was thrown." type="org.opentest4j.AssertionFailedError">org.opentest4j.AssertionFailedError: a ==> Expected java.lang.IllegalArgumentException to be thrown, but nothing was thrown.
	at GrilleImplTest.possible16x16(GrilleImplTest.java:145)
</failure>
  </testcase>
  <testcase name="testCheckBornes" classname="GrilleImplTest" time="0"/>
  <testcase name="complete16x16" classname="GrilleImplTest" time="0"/>
  <testcase name="getDimension9x9" classname="GrilleImplTest" time="0"/>
  <testcase name="complete9x9" classname="GrilleImplTest" time="0"/>
  <testcase name="setValue9x9" classname="GrilleImplTest" time="0"/>
  <testcase name="getValue9x9" classname="GrilleImplTest" time="0"/>
  <testcase name="grilleImpl16x16" classname="GrilleImplTest" time="0"/>
  <testcase name="getValue16x16" classname="GrilleImplTest" time="0"/>
</testsuite>